bMW/build/outputs/logs/manifest-merger-debug-report.txt
-- Merging decision tree log ---
manifest
ADDED from src/main/AndroidManifest.xml:2:1-41:12
INJECTED from src/main/AndroidManifest.xml:2:1-41:12
INJECTED from src/main/AndroidManifest.xml:2:1-41:12
INJECTED from src/main/AndroidManifest.xml:2:1-41:12
INJECTED from src/main/AndroidManifest.xml:2:1-41:12
INJECTED from src/main/AndroidManifest.xml:2:1-41:12
INJECTED from src/main/AndroidManifest.xml:2:1-41:12
	package
		ADDED from src/main/AndroidManifest.xml:3:5-37
		INJECTED from src/main/AndroidManifest.xml
		INJECTED from src/main/AndroidManifest.xml
	android:versionName
		ADDED from src/main/AndroidManifest.xml:5:5-30
		INJECTED from src/main/AndroidManifest.xml
		INJECTED from src/main/AndroidManifest.xml
	xmlns:android
		ADDED from src/main/AndroidManifest.xml:2:11-69
	android:versionCode
		ADDED from src/main/AndroidManifest.xml:4:5-28
		INJECTED from src/main/AndroidManifest.xml
		INJECTED from src/main/AndroidManifest.xml
uses-permission#android.permission.MOUNT_UNMOUNT_FILESYSTEMS
ADDED from src/main/AndroidManifest.xml:8:5-84
	android:name
		ADDED from src/main/AndroidManifest.xml:8:22-81
uses-permission#android.permission.WRITE_EXTERNAL_STORAGE
ADDED from src/main/AndroidManifest.xml:10:5-81
	android:name
		ADDED from src/main/AndroidManifest.xml:10:22-78
uses-permission#android.permission.RECORD_AUDIO
ADDED from src/main/AndroidManifest.xml:12:5-71
	android:name
		ADDED from src/main/AndroidManifest.xml:12:22-68
uses-permission#android.permission.CAMERA
ADDED from src/main/AndroidManifest.xml:14:5-65
	android:name
		ADDED from src/main/AndroidManifest.xml:14:22-62
uses-permission#android.permission.FLASHLIGHT
ADDED from src/main/AndroidManifest.xml:15:5-69
	android:name
		ADDED from src/main/AndroidManifest.xml:15:22-66
uses-feature#android.hardware.camera
ADDED from src/main/AndroidManifest.xml:17:5-60
	android:name
		ADDED from src/main/AndroidManifest.xml:17:19-57
uses-feature#android.hardware.camera.autofocus
ADDED from src/main/AndroidManifest.xml:18:5-70
	android:name
		ADDED from src/main/AndroidManifest.xml:18:19-67
uses-permission#android.permission.WRITE_SETTINGS
ADDED from src/main/AndroidManifest.xml:19:5-72
	android:name
		ADDED from src/main/AndroidManifest.xml:19:22-70
uses-sdk
ADDED from src/main/AndroidManifest.xml:21:5-23:41
INJECTED from src/main/AndroidManifest.xml:21:5-23:41
INJECTED from src/main/AndroidManifest.xml:21:5-23:41
INJECTED from src/main/AndroidManifest.xml:21:5-23:41
INJECTED from src/main/AndroidManifest.xml:21:5-23:41
	android:targetSdkVersion
		ADDED from src/main/AndroidManifest.xml:23:9-38
		INJECTED from src/main/AndroidManifest.xml
		INJECTED from src/main/AndroidManifest.xml
	android:minSdkVersion
		ADDED from src/main/AndroidManifest.xml:22:9-35
		INJECTED from src/main/AndroidManifest.xml
		INJECTED from src/main/AndroidManifest.xml
application
ADDED from src/main/AndroidManifest.xml:25:5-39:19
	android:label
		ADDED from src/main/AndroidManifest.xml:28:9-41
	android:icon
		ADDED from src/main/AndroidManifest.xml:27:9-45
	android:allowBackup
		ADDED from src/main/AndroidManifest.xml:26:9-35
	android:theme
		ADDED from src/main/AndroidManifest.xml:29:9-56
activity#com.example.blackwhite.MainActivity
ADDED from src/main/AndroidManifest.xml:30:9-38:20
	android:label
		ADDED from src/main/AndroidManifest.xml:32:13-45
	android:name
		ADDED from src/main/AndroidManifest.xml:31:13-63
intent-filter#android.intent.action.MAIN+android.intent.category.LAUNCHER
ADDED from src/main/AndroidManifest.xml:33:13-37:29
action#android.intent.action.MAIN
ADDED from src/main/AndroidManifest.xml:34:17-69
	android:name
		ADDED from src/main/AndroidManifest.xml:34:25-66
category#android.intent.category.LAUNCHER
ADDED from src/main/AndroidManifest.xml:36:17-77
	android:name
		ADDED from src/main/AndroidManifest.xml:36:27-74